ISim log file
Running: D:\ise_project\P7\mips_tb_isim_beh.exe -intstyle ise -gui -tclbatch isim.cmd -wdb D:/ise_project/P7/mips_tb_isim_beh.wdb 
ISim P.20131013 (signature 0x7708f090)
----------------------------------------------------------------------
WARNING:Security:42 - Your software subscription period has lapsed. Your current version of Xilinx tools will continue to function, but you no longer qualify for Xilinx software updates or new releases.


----------------------------------------------------------------------
This is a Full version of ISim.
Time resolution is 1 ps
# onerror resume
# wave add /
# run 1000 ns
Simulator is doing circuit initialization process.
Finished circuit initialization process.
                  45@00003000: $28 <= 00000000
                  55@00003004: $29 <= 00000000
                  65@00003008: $ 8 <= 7fff0000
                  75@0000300c: $ 9 <= 7fff0000
                 125@00004180: $26 <= 00001000
                 125@00004184: *00000ffc <= 00000000
                 145@00004188: $27 <= 00000002
                 145@0000418c: *00000ff8 <= 00000002
                 165@00004190: $26 <= 00000f00
                 175@00004194: $29 <= 00000f00
                 195@000041c0: *00000f04 <= 00000000
                 205@000041c4: *00000f08 <= 00000000
                 215@000041c8: *00000f0c <= 00000000
                 225@000041cc: *00000f10 <= 00000000
                 235@000041d0: *00000f14 <= 00000000
                 245@000041d4: *00000f18 <= 00000000
                 255@000041d8: *00000f1c <= 00000000
                 265@000041dc: *00000f20 <= 7fff0000
                 275@000041e0: *00000f24 <= 7fff0000
                 285@000041e4: *00000f28 <= 00000000
                 295@000041e8: *00000f2c <= 00000000
                 305@000041ec: *00000f30 <= 00000000
                 315@000041f0: *00000f34 <= 00000000
                 325@000041f4: *00000f38 <= 00000000
                 335@000041f8: *00000f3c <= 00000000
                 345@000041fc: *00000f40 <= 00000000
                 355@00004200: *00000f44 <= 00000000
                 365@00004204: *00000f48 <= 00000000
                 375@00004208: *00000f4c <= 00000000
                 385@0000420c: *00000f50 <= 00000000
                 395@00004210: *00000f54 <= 00000000
                 405@00004214: *00000f58 <= 00000000
                 415@00004218: *00000f5c <= 00000000
                 425@0000421c: *00000f60 <= 00000000
                 435@00004220: *00000f64 <= 00000000
                 445@00004224: *00000f68 <= 00000f00
                 455@00004228: *00000f6c <= 00000002
                 465@0000422c: *00000f70 <= 00000000
                 475@00004230: *00000f74 <= 00000f00
                 485@00004234: *00000f78 <= 00000000
                 495@00004238: *00000f7c <= 00000000
                 515@0000423c: $26 <= 00000000
                 515@00004240: *00000f80 <= 00000000
                 535@00004244: $26 <= 00000000
                 535@00004248: *00000f84 <= 00000000
                 575@000041a0: $26 <= 00003010
                 585@000041a4: $ 1 <= 00000000
                 595@000041a8: $ 1 <= 00000004
                 605@000041ac: $26 <= 00003014
                 645@00004254: $ 1 <= 00000000
                 655@00004258: $ 2 <= 00000000
                 665@0000425c: $ 3 <= 00000000
                 675@00004260: $ 4 <= 00000000
                 685@00004264: $ 5 <= 00000000
                 695@00004268: $ 6 <= 00000000
                 705@0000426c: $ 7 <= 00000000
                 715@00004270: $ 8 <= 7fff0000
                 725@00004274: $ 9 <= 7fff0000
                 735@00004278: $10 <= 00000000
                 745@0000427c: $11 <= 00000000
                 755@00004280: $12 <= 00000000
                 765@00004284: $13 <= 00000000
                 775@00004288: $14 <= 00000000
                 785@0000428c: $15 <= 00000000
                 795@00004290: $16 <= 00000000
                 805@00004294: $17 <= 00000000
                 815@00004298: $18 <= 00000000
                 825@0000429c: $19 <= 00000000
                 835@000042a0: $20 <= 00000000
                 845@000042a4: $21 <= 00000000
                 855@000042a8: $22 <= 00000000
                 865@000042ac: $23 <= 00000000
                 875@000042b0: $24 <= 00000000
                 885@000042b4: $25 <= 00000000
                 895@000042b8: $26 <= 00000f00
                 905@000042bc: $27 <= 00000002
                 915@000042c0: $28 <= 00000000
                 925@000042c4: $29 <= 00000f00
                 945@000042c8: $30 <= 00000000
                 955@000042cc: $31 <= 00000000
                 965@000042d0: $26 <= 00000000
                 995@000042d8: $26 <= 00000000
