Running: C:\Xilinx\14.7\ISE_DS\ISE\bin\nt64\unwrapped\fuse.exe -intstyle ise -incremental -lib unisims_ver -lib unimacro_ver -lib xilinxcorelib_ver -lib secureip -o D:/ise_project/P5new/mips_tb_isim_beh.exe -prj D:/ise_project/P5new/mips_tb_beh.prj work.mips_tb work.glbl 
ISim P.20131013 (signature 0x7708f090)
Number of CPUs detected in this system: 4
Turning on mult-threading, number of parallel sub-compilation jobs: 8 
Determining compilation order of HDL files
Analyzing Verilog file "D:/ise_project/P5new/PC.v" into library work
Analyzing Verilog file "D:/ise_project/P5new/NPC.v" into library work
Analyzing Verilog file "D:/ise_project/P5new/mux.v" into library work
Analyzing Verilog file "D:/ise_project/P5new/InstrType.v" into library work
Analyzing Verilog file "D:/ise_project/P5new/IM.v" into library work
Analyzing Verilog file "D:/ise_project/P5new/GRF.v" into library work
Analyzing Verilog file "D:/ise_project/P5new/EXT.v" into library work
Analyzing Verilog file "D:/ise_project/P5new/DM.v" into library work
Analyzing Verilog file "D:/ise_project/P5new/controller.v" into library work
Analyzing Verilog file "D:/ise_project/P5new/CMP.v" into library work
Analyzing Verilog file "D:/ise_project/P5new/ALU.v" into library work
Analyzing Verilog file "D:/ise_project/P5new/Wpart.v" into library work
Analyzing Verilog file "D:/ise_project/P5new/Mpart.v" into library work
Analyzing Verilog file "D:/ise_project/P5new/hazard.v" into library work
Analyzing Verilog file "D:/ise_project/P5new/Fpart.v" into library work
Analyzing Verilog file "D:/ise_project/P5new/Epart.v" into library work
Analyzing Verilog file "D:/ise_project/P5new/Dpart.v" into library work
Analyzing Verilog file "D:/ise_project/P5new/mips.v" into library work
Analyzing Verilog file "D:/ise_project/P5new/mips_tb.v" into library work
Analyzing Verilog file "C:/Xilinx/14.7/ISE_DS/ISE//verilog/src/glbl.v" into library work
Starting static elaboration
WARNING:HDLCompiler:1016 - "D:/ise_project/P5new/Dpart.v" Line 62: Port RegDst is not connected to this instance
WARNING:HDLCompiler:1016 - "D:/ise_project/P5new/Epart.v" Line 47: Port RegDst is not connected to this instance
WARNING:HDLCompiler:1016 - "D:/ise_project/P5new/Mpart.v" Line 44: Port RegDst is not connected to this instance
WARNING:HDLCompiler:1016 - "D:/ise_project/P5new/Wpart.v" Line 39: Port ALU_Asel is not connected to this instance
WARNING:HDLCompiler:1016 - "D:/ise_project/P5new/hazard.v" Line 60: Port linkRa is not connected to this instance
WARNING:HDLCompiler:1016 - "D:/ise_project/P5new/hazard.v" Line 73: Port branch is not connected to this instance
WARNING:HDLCompiler:1016 - "D:/ise_project/P5new/hazard.v" Line 87: Port branch is not connected to this instance
WARNING:HDLCompiler:1016 - "D:/ise_project/P5new/hazard.v" Line 101: Port branch is not connected to this instance
Completed static elaboration
Compiling module mux_4(width=32)
Compiling module PC
Compiling module IM
Compiling module Fpart
Compiling module controller
Compiling module GRF
Compiling module EXT
Compiling module CMP
Compiling module NPC
Compiling module Dpart
Compiling module mux_8
Compiling module ALU
Compiling module Epart
Compiling module DM
Compiling module Mpart
Compiling module mux_4(width=5)
Compiling module Wpart
Compiling module InstrType
Compiling module hazard
Compiling module mips
Compiling module mips_tb
Compiling module glbl
Time Resolution for simulation is 1ps.
Waiting for 15 sub-compilation(s) to finish...
WARNING:Simulator - Unable to copy libPortabilityNOSH.dll to the simulation executable directory: boost::filesystem::copy_file: 系统找不到指定的路径。, "isim\mips_tb_isim_beh.exe.sim\libPortability.dll".
Compiled 22 Verilog Units
Built simulation executable D:/ise_project/P5new/mips_tb_isim_beh.exe
Fuse Memory Usage: 32160 KB
Fuse CPU Usage: 749 ms
