ISim log file
Running: D:\ise_project\P5new\mips_tb_isim_beh.exe -intstyle ise -gui -tclbatch isim.cmd -wdb D:/ise_project/P5new/mips_tb_isim_beh.wdb 
ISim P.20131013 (signature 0x7708f090)
----------------------------------------------------------------------
WARNING:Security:42 - Your software subscription period has lapsed. Your current version of Xilinx tools will continue to function, but you no longer qualify for Xilinx software updates or new releases.


----------------------------------------------------------------------
This is a Full version of ISim.
Time resolution is 1 ps
# onerror resume
# wave add /
# run 1000 ns
Simulator is doing circuit initialization process.
Finished circuit initialization process.
                  45@00003000: $ 1 <= 00000001
                  55@00003004: $31 <= 0000300c
                  75@00003028: $16 <= 0000001f
                  85@0000302c: $17 <= 0000002f
                 125@00003038: $16 <= 00000020
                 165@0000300c: $26 <= 00000063
                 175@00003038: $16 <= 00000021
                 215@0000300c: $26 <= 00000063
                 225@00003038: $16 <= 00000022
                 265@0000300c: $26 <= 00000063
                 275@00003038: $16 <= 00000023
                 315@0000300c: $26 <= 00000063
                 325@00003038: $16 <= 00000024
                 365@0000300c: $26 <= 00000063
                 375@00003038: $16 <= 00000025
                 415@0000300c: $26 <= 00000063
                 425@00003038: $16 <= 00000026
                 465@0000300c: $26 <= 00000063
                 475@00003038: $16 <= 00000027
                 515@0000300c: $26 <= 00000063
                 525@00003038: $16 <= 00000028
                 565@0000300c: $26 <= 00000063
                 575@00003038: $16 <= 00000029
                 615@0000300c: $26 <= 00000063
                 625@00003038: $16 <= 0000002a
                 665@0000300c: $26 <= 00000063
                 675@00003038: $16 <= 0000002b
                 715@0000300c: $26 <= 00000063
                 725@00003038: $16 <= 0000002c
                 765@0000300c: $26 <= 00000063
                 775@00003038: $16 <= 0000002d
                 815@0000300c: $26 <= 00000063
                 825@00003038: $16 <= 0000002e
                 865@0000300c: $26 <= 00000063
                 875@00003038: $16 <= 0000002f
                 915@0000300c: $26 <= 00000063
                 935@00003044: $30 <= 03ac0000
                 945@0000300c: $26 <= 00000063
                 955@00003010: $31 <= 00003018
                 975@00003044: $30 <= 03ac0000
                 985@00003048: $ 8 <= 00000002
                 995@0000304c: $ 8 <= 03ac0002
# run 1.00us
                1005@00003050: $ 9 <= 00000000
                1015@00003054: $24 <= 11110000
                1025@00003058: $25 <= 0000e390
                1075@0000301c: $27 <= 00000063
                1095@00003024: $31 <= 0000302c
                1105@00003044: $30 <= 03ac0000
# run 1.00us
