Running: C:\Xilinx\14.7\ISE_DS\ISE\bin\nt64\unwrapped\fuse.exe -intstyle ise -incremental -lib unisims_ver -lib unimacro_ver -lib xilinxcorelib_ver -lib secureip -o D:/ise_project/P4/mips_tb_isim_beh.exe -prj D:/ise_project/P4/mips_tb_beh.prj work.mips_tb work.glbl 
ISim P.20131013 (signature 0x7708f090)
Number of CPUs detected in this system: 4
Turning on mult-threading, number of parallel sub-compilation jobs: 8 
Determining compilation order of HDL files
Analyzing Verilog file "D:/ise_project/P4/PC.v" into library work
Analyzing Verilog file "D:/ise_project/P4/NPC.v" into library work
Analyzing Verilog file "D:/ise_project/P4/mux.v" into library work
Analyzing Verilog file "D:/ise_project/P4/IM.v" into library work
Analyzing Verilog file "D:/ise_project/P4/GRF.v" into library work
Analyzing Verilog file "D:/ise_project/P4/EXT.v" into library work
Analyzing Verilog file "D:/ise_project/P4/DM.v" into library work
Analyzing Verilog file "D:/ise_project/P4/controller.v" into library work
Analyzing Verilog file "D:/ise_project/P4/ALU.v" into library work
Analyzing Verilog file "D:/ise_project/P4/mips.v" into library work
Analyzing Verilog file "D:/ise_project/P4/mips_tb.v" into library work
Analyzing Verilog file "C:/Xilinx/14.7/ISE_DS/ISE//verilog/src/glbl.v" into library work
Starting static elaboration
Completed static elaboration
Compiling module controller
Compiling module PC
Compiling module NPC
Compiling module IM
Compiling module mux_4(width=5)
Compiling module GRF
Compiling module ALU
Compiling module DM
Compiling module EXT
Compiling module mips
Compiling module mips_tb
Compiling module glbl
Time Resolution for simulation is 1ps.
Waiting for 5 sub-compilation(s) to finish...
WARNING:Simulator - Unable to copy libPortabilityNOSH.dll to the simulation executable directory: boost::filesystem::copy_file: 系统找不到指定的路径。, "isim\mips_tb_isim_beh.exe.sim\libPortability.dll".
Compiled 12 Verilog Units
Built simulation executable D:/ise_project/P4/mips_tb_isim_beh.exe
Fuse Memory Usage: 28804 KB
Fuse CPU Usage: 515 ms
