ISim log file
Running: D:\ise_project\P4\mips_tb_isim_beh.exe -intstyle ise -gui -tclbatch isim.cmd -wdb D:/ise_project/P4/mips_tb_isim_beh.wdb 
ISim P.20131013 (signature 0x7708f090)
----------------------------------------------------------------------
WARNING:Security:42 - Your software subscription period has lapsed. Your current version of Xilinx tools will continue to function, but you no longer qualify for Xilinx software updates or new releases.


----------------------------------------------------------------------
This is a Full version of ISim.
Time resolution is 1 ps
# onerror resume
# wave add /
# run 1000 ns
Simulator is doing circuit initialization process.
Finished circuit initialization process.
@00003000: $ 2 <= 4a400000
@00003004: $ 2 <= 4a409b72
@00003008: $ 2 <= 948136e4
@00003010: *00000080 <= 948136e4
@00003014: $28 <= 948136e4
@00003018: $ 3 <= 3f510000
@0000301c: $ 3 <= 3f514665
@00003020: $ 3 <= 7ea28cca
@00003024: $ 1 <= ea2155e6
@00003028: *00000084 <= 7ea28cca
@0000302c: $ 9 <= 7ea28cca
@00003030: $ 4 <= 63390000
@00003034: $ 4 <= 633905c5
@00003038: $ 4 <= c6720b8a
@0000303c: $ 2 <= 47cf7ec0
@00003040: *00000220 <= c6720b8a
@00003044: $14 <= c6720b8a
@00003048: $ 5 <= 254e0000
@0000304c: $ 5 <= 254e3b92
@00003050: $ 5 <= 4a9c7724
@00003054: $ 3 <= 842a6b9a
@00003058: *00000198 <= 4a9c7724
@0000305c: $20 <= 4a9c7724
@00003060: $ 6 <= 97e00000
@00003064: $ 6 <= 97e00d08
@00003068: $ 6 <= 2fc01a10
@0000306c: $ 4 <= e523a2ec
@00003070: *000000b0 <= 2fc01a10
@00003074: $29 <= 2fc01a10
@00003078: $ 7 <= 10c20000
@0000307c: $ 7 <= 10c24245
@00003080: $ 7 <= 2184848a
@00003084: $ 5 <= f1c46a7a
@00003088: *000000a8 <= 2184848a
@0000308c: $20 <= 2184848a
@00003090: $ 8 <= 4fd00000
@00003094: $ 8 <= 4fd0f36a
@00003098: $ 8 <= 9fa1e6d4
@0000309c: $ 6 <= 7e1d624a
@000030a0: *000002a0 <= 9fa1e6d4
@000030a4: $ 7 <= 9fa1e6d4
@000030a8: $ 9 <= d8630000
@000030ac: $ 9 <= d8637d73
@000030b0: $ 9 <= b0c6fae6
@000030b4: $ 7 <= 11251412
@000030b8: *000002ec <= b0c6fae6
@000030bc: $25 <= b0c6fae6
@000030c0: $10 <= ca490000
@000030c4: $10 <= ca495811
@000030c8: $10 <= 9492b022
@000030cc: $ 8 <= e3cbb53c
@000030d0: *000001f8 <= 9492b022
@000030d4: $20 <= 9492b022
@000030d8: $11 <= 67390000
@000030dc: $11 <= 673946b2
@000030e0: $11 <= ce728d64
@000030e4: $ 9 <= 39dfdd42
@000030e8: *000000b4 <= ce728d64
@000030ec: $28 <= ce728d64
@000030f0: $12 <= 91470000
@000030f4: $12 <= 9147fe22
@000030f8: $12 <= 228ffc44
@000030fc: $10 <= 541d6ee0
@00003100: *000001b0 <= 228ffc44
@00003104: $10 <= 228ffc44
@00003108: $13 <= eef00000
@0000310c: $13 <= eef0b86c
@00003110: $13 <= dde170d8
@00003114: $11 <= bb517494
@00003118: *00000308 <= dde170d8
@0000311c: $23 <= dde170d8
@00003120: $14 <= 02660000
@00003124: $14 <= 0266517c
@00003128: $14 <= 04cca2f8
@0000312c: $12 <= 26eb3220
@00003130: *00000330 <= 04cca2f8
@00003134: $23 <= 04cca2f8
@00003138: $15 <= df7a0000
@0000313c: $15 <= df7a655e
@00003140: $15 <= bef4cabc
@00003144: $13 <= ba2827c4
@00003148: *00000064 <= bef4cabc
@0000314c: $ 8 <= bef4cabc
@00003150: $16 <= 4e270000
@00003154: $16 <= 4e2789f6
@00003158: $16 <= 9c4f13ec
@0000315c: $14 <= dd5a4930
@00003160: *00000240 <= 9c4f13ec
@00003164: $11 <= 9c4f13ec
@00003168: $17 <= 858b0000
@0000316c: $17 <= 858b1ed0
@00003170: $17 <= 0b163da0
@00003174: $15 <= 6ec729b4
@00003178: *000001f4 <= 0b163da0
@0000317c: $18 <= 0b163da0
@00003180: $18 <= 4cb30000
@00003184: $18 <= 4cb34bba
@00003188: $18 <= 99669774
@0000318c: $16 <= 8e5059d4
# run 1.00us
@00003190: *000003c8 <= 99669774
@00003194: $27 <= 99669774
@00003198: $19 <= 2e1a0000
@0000319c: $19 <= 2e1aa854
@000031a0: $19 <= 5c3550a8
@000031a4: $17 <= c2ceb934
@000031a8: *00000100 <= 5c3550a8
@000031ac: $28 <= 5c3550a8
@000031b0: $20 <= 892b0000
@000031b4: $20 <= 892ba6b3
@000031b8: $20 <= 12574d66
@000031bc: $18 <= b621fcbe
@000031c0: *00000110 <= 12574d66
@000031c4: $31 <= 12574d66
@000031c8: $21 <= 30e10000
@000031cc: $21 <= 30e1b9e2
@000031d0: $21 <= 61c373c4
@000031d4: $19 <= 4f6c265e
@000031d8: *000002e4 <= 61c373c4
@000031dc: $16 <= 61c373c4
@000031e0: $22 <= e2460000
@000031e4: $22 <= e246534c
@000031e8: $22 <= c48ca698
@000031ec: $20 <= 62c932d4
@000031f0: *00000300 <= c48ca698
@000031f4: $21 <= c48ca698
@000031f8: $23 <= 403d0000
@000031fc: $23 <= 403d2f7d
@00003200: $23 <= 807a5efa
@00003204: $21 <= bbedb862
@00003208: *0000003c <= 807a5efa
@0000320c: $29 <= 807a5efa
@00003210: $24 <= 21d80000
@00003214: $24 <= 21d80d11
@00003218: $24 <= 43b01a22
@0000321c: $22 <= c335bb28
@00003220: *00000140 <= 43b01a22
@00003224: $28 <= 43b01a22
@00003228: $25 <= 5f2d0000
@0000322c: $25 <= 5f2d4722
@00003230: $25 <= be5a8e44
@00003234: $23 <= 7aaa7422
@00003238: *000003e8 <= be5a8e44
@0000323c: $22 <= be5a8e44
@00003240: $26 <= e9a90000
@00003244: $26 <= e9a9ec13
@00003248: $26 <= d353d826
@0000324c: $24 <= 14f949e2
@00003250: *000000e8 <= d353d826
@00003254: $25 <= d353d826
@00003258: $27 <= 5d3c0000
@0000325c: $27 <= 5d3c4ce3
@00003260: $27 <= ba7899c6
@00003264: $25 <= e724c1a0
@00003268: *000001d0 <= ba7899c6
@0000326c: $17 <= ba7899c6
@00003270: $28 <= 56400000
@00003274: $28 <= 56409b8b
@00003278: $28 <= ac813716
@0000327c: $26 <= f2089d50
@00003280: *000000a0 <= ac813716
@00003284: $22 <= ac813716
@00003288: $29 <= 38db0000
@0000328c: $29 <= 38db94dc
@00003290: $29 <= 71b729b8
@00003294: $27 <= c535f2a2
@00003298: *00000284 <= 71b729b8
@0000329c: $ 8 <= 71b729b8
@000032a0: $30 <= b81a0000
@000032a4: $30 <= b81a4e84
@000032a8: $30 <= 70349d08
@000032ac: $28 <= fe7d7350
@000032b0: *00000198 <= 70349d08
@000032b4: $30 <= 70349d08
@000032b8: $31 <= c6f40000
@000032bc: $31 <= c6f4a295
@000032c0: $31 <= 8de9452a
@000032c4: $29 <= 1db4a822
@000032c8: *00000278 <= 8de9452a
@000032cc: $27 <= 8de9452a
# run 1.00us
